[    0000] Initlingcgroupsuyscpuset[   0.0000Intializing cgroup susy c
[    0000]Initiazi cgroususys puacct
[  000000]Lix ersi 4.011-ger (buddgw1-md-01)(gcc version 5.4.0 20160609 (Ubuntu 5.4.0-6ubuntu1~16.04.9) ) #140-Ubuntu SMP Mon Feb 12 21:23:04 UTC 2018 (Ubuntu 4.4.0-116.140-generic 4.4.98)
[    0.000000] Command line: BOOT_IMAGE=/boot/vmlinuz-4.4.0-116-generic root=LABEL=cloudimg-rootfs ro console=tty1 console=ttyS0
[    0.000000] KERNEL supported cpus:
[    0.000000]   Intel GenuineIntel
[    0.000000]   AMD AuthenticAMD
[    0.000000]   Centaur CentaurHauls
[    0.000000] x86/fpu: xstate_offset[2]:  576, xstate_sizes[2]:  256
[    0.000000] x86/fpu: Supporting XSAVE feature 0x01: 'x87 floating point registers'
[    0.000000] x86/fpu: Supporting XSAVE feature 0x02: 'SSE registers'
[    0.000000] x86/fpu: Supporting XSAVE feature 0x04: 'AVX registers'
[    .00000 x6/pu: Enbl xtateeare 0x7coex siz i83bytes,si 'stanrdfomat.
  0.0000] 6/u: Usig az' FP cte switcs.
[    0.00] 820: BS-ovidedhyca R m:
[  0.000] BIOe8: [memx0000000000-x0000000fbff] ab
[   0.00] BIOS82 [mem 0000000900x00000009fff] rerv
[   .000] IOe8: [mem0x000000f00-00000000fff] reserv
  0.000000] BIOS82 [em 0x00000100000-0x0000003efff] usale
[    0.000000] BIOS-e820: [mem 0x000000003fff0000-0x0000003ffff] CPda
[    0.000 BOS-e820:me0x00000000fec00000-0x00000000fec00fff] reserved
[    0.000000] BIOS-e820: [mem 0x00000000fee00000-0x00000000fee00fff] reserved
[    0.000000] BIOS-e820: [mem 0x00000000fffc0000-0x00000000ffffffff] reserved
[    0.000000] NX (Execute Disable) protection: active
[    0.000000] SMBIOS 2.5 present.
[    0.000000] Hypervisor detected: KVM
[    0.000000] e820: last_pfn = 0x3fff0 max_arch_pfn = 0x400000000
[    0.000000] MTRR: Disabled
[    0.000000] x86/PAT: MTRRs disabled, skipping PAT initialization too.
[    0.000000] CPU MTRRs all blank - virtualized system.
[    0.000000] x86/PAT: Configuration [0-7]: WB  WT  UC- UC  WB  WT  UC- UC  
[    0.000000] found SMP MP-table at [mem 0x0009fff0-0x0009ffff] mapped at [ffff88000009fff0]
[    0.000000] Scanning 1 areas for low memory corruption
[    0.000000] RAMDISK: [mem 0x36ac2000-0x37558fff]
[    0.000000] ACPI: Early table checksum verification disabled
[    0.000000] ACPI: RSDP 0x00000000000E0000 000024 (v02 VBOX  )
[    0.000000] ACPI: XSDT 0x000000003FFF0030 00003C (v01 VBOX   VBOXXSDT 00000001 ASL  00000061)
[    0.000000] ACPI: FACP 0x000000003FFF00F0 0000F4 (v04 VBOX   VBOXFACP 00000001 ASL  00000061)
[    0.000000] ACPI: DSDT 0x000000003FFF0470 0021FF (v02 VBOX   VBOXBIOS 00000002 INTL 20160108)
[    0.000000] ACPI: FACS 0x000000003FFF0200 000040
[    0.000000] ACPI: FACS 0x000000003FFF0200 000040
[    0.000000] ACPI: APIC 0x000000003FFF0240 00005C (v02 VBOX   VBOXAPIC 00000001 ASL  00000061)
[    0.000000] ACPI: SSDT 0x000000003FFF02A0 0001CC (v01 VBOX   VBOXCPUT 00000002 INTL 20160108)
[    0.000000] No NUMA configuration found
[    0.000000] Faking a node at [mem 0x0000000000000000-0x000000003ffeffff]
[    0.000000] NODE_DATA(0) allocated [mem 0x3ffeb000-0x3ffeffff]
[    0.000000] kvm-clock: Using msrs 4b564d01 and 4b564d00
[    0.000000] kvm-clock: cpu 0, msr 0:3ffe3001, primary cpu clock
[    0.000000] kvm-clock: using sched offset of 6113626 ycs
[  0.000] closoce: kvclk:mask: xffffffffffff axycle 0cd2e4db,axidle_n 859059183s
[  0.000] Ze ngs:
[  000000] D      [mem 0x0000000000001000-0x0000000000ffffff]
[    0.000000]   DMA32    [mem 0x0000000001000000-0x000000003ffeffff]
[    0.000000]   Normal   empty
[    0.000000]   Device   empty
[    0.000000] Movable zone start for each node
[    0.000000] Early memory node ranges
[    0.000000]   node   0: [mem 0x0000000000001000-0x000000000009efff]
[    0.000000]   node   0: [mem 0x0000000000100000-0x000000003ffeffff]
[    0.000000] Initmem setup node 0 [mem 0x0000000000001000-0x000000003ffeffff]
[    0.000000] ACPI: PM-Timer IO Port: 0x4008
[    0.000000] IOAPIC[0]: apic_id 2, version 32, address 0xfec00000, GSI 0-23
[    0.000000] ACPI: INT_SRC_OVR (bus 0 bus_irq 0 global_iq  d dfl
  0.00000]AC: NT_SRCVRbu 0 busrq globair9 ow lev)[    0000]Using PIMADT) r SMP onfiurio iformation
[    0.000000] smpboot: Allowing 2 CPUs, 0 hotplug CPUs
[    0.000000] PM: Registered nosave memory: [mem 0x00000000-0x00000fff]
[    0.000000] PM: Registered nosave memory: [mem 0x0009f000-0x0009ffff]
[    0.000000] PM: Registered nosave memory: [mem 0x000a0000-0x000effff]
[    0.000000] PM: Registered nosave memory: [mem 0x000f0000-0x000fffff]
[    0.000000] e820: [mem 0x40000000-0xfebfffff] available for PCI devices
[    0.000000] Booting paravirtualized kernel on KVM
[    0.000000] clocksource: refined-jiffies: mask: 0xffffffff max_cycles: 0xffffffff, max_idle_ns: 7645519600211568 ns
[    0.000000] setup_percpu: NR_CPUS:512 nr_cpumask_bits:512 nr_cpu_ids:2 nr_node_ids:1
[    0.000000] PERCPU: Embedded 34 pages/cpu @ffff88003fc00000 s99544 r8192 d31528 u1048576
[    0.000000] PV qspinlock hash table entries: 256 (order: 0, 4096 bytes)
[    0.000000] Built 1 zonelists in Node order, mobility grouping on.  Total pages: 257913
[    0.000000] Policy zone: DMA32
[    0.000000] Kernel commandline: BOOT_IMAGE=/boot/vmlinuz-4.4.0-116-generic root=LABEL=cloudimg-rootfs ro console=tty1 console=ttyS0
[    0.000000] PID hash table entries: 4096 (order: 3, 32768 bytes)
[    0.000000] Memory: 1001688K/1048120K available (8530K kernel code, 1309K rwdata, 3992K rodata, 1508K init, 1316K bss, 46432K reserved, 0K cma-reserved)
[    0.000000] SLUB: HWalign=64, Order=0-3, MinObjects=0, CPUs=2, Nodes=1
[    0.000000] Kernel/User page tables isolation: enabled
[    0.000000] Hierarchical RCU implementation.
[    0.000000] 	Build-time adjustment of leaf fanout to 64.
[    0.000000] 	RCU restricting CPUs from NR_CPUS=512 to nr_cpu_ids=2.
[    0.000000] RCU: Adjusting geometry for rcu_fanout_leaf=64, nr_cpu_ids=2
[    0.000000] NR_IRQS:33024 nr_irqs:440 16
[    0.000000] Console: colour VGA+ 80x25
[    0.000000] console [tty1] enabled
[    0.000000] console [ttyS0] enabled
[    0.000000] tsc: Detected 2593.990 MHz processor
[    4.635980] Calibrating delay loop (skipped) preset value.. 5187.98 BogoMIPS (lpj=10375960)
[    4.637146] pid_max: default: 32768 minimum: 301
[    4.637748] ACPI: Core revision 20150930
[    4.639066] ACPI: 2 ACPI AML tables successfully acquired and loaded
[    4.639961] Security Framework initialized
[    4.640515] Yama: becoming mindful.
[    4.641027] AppArmor: AppArmor initialized
[    4.641664] Dentry cache hash table entries: 131072 (order: 8, 1048576 bytes)
[    4.642950] Inode-cache hash table entries: 65536 (order: 7, 524288 bytes)
[    4.643847] Mount-cache hash table entries: 2048 (order: 2, 16384 bytes)
[    4.644640] Mountpoint-cache hash table entries: 2048 (order: 2, 16384 bytes)
[    4.645604] Initializing cgroup subsys io
[    4.646157] Initializing cgroup subsys memory
[    4.646736] Initializing cgroup subsys devices
[    4.647331] Initializing cgroup subsys freezer
[    4.647949] Initializing cgroup subsys net_cls
[    4.648535] Initializing cgroup subsys perf_event
[    4.649163] Initializing cgroup subsys net_prio
[    4.649755] Initializing cgroup subsys hugetlb
[    4.650359] Initializing cgroup subsys pids
[    4.650981] CPU: Physical Processor ID: 0
[    4.651551] CPU: Processor Core ID: 0
[    4.652096] FEATURE SPEC_CTRL Not Present
[    4.653378] mce: CPU supports 0 MCE banks
[    4.653938] Last level iTLB entries: 4KB 1024, 2MB 1024, 4MB 1024
[    4.654667] Last level dTLB entries: 4KB 1024, 2MB 1024, 4MB 1024, 1GB 4
[    4.655448] Spectre V2 mitigation: Mitigation: Full generic retpoline
[    4.656250] Spectre V2 mitigation: Speculation control IBPB not-supported IBRS not-supported
[    4.658651] Freeing SMP alternatives memory: 32K

[    4.665658] ftrace: allocating 32186 entries in 126 pages
[    4.707239] smpboot: APIC(0) Converting physical 0 to logical package 0
[    4.709814] smpboot: Max logical packages: 1
[    4.710606] x2apic enabled
[    4.711213] Switched APIC routing to physical x2apic.
[    4.712822] ..TIMER: vector=0x30 apic1=0 pin1=2 apic2=-1 pin2=-1
[    4.824215] smpboot: CPU0: Intel(R) Core(TM) i7-4720HQ CPU @ 2.60GHz (family: 0x6, model: 0x3c, stepping: 0x3)
[    4.920044] Performance Events: unsupported p6 CPU model 60 no PMU driver, software events only.
[    4.921292] KVM setup paravirtual spinlock
[    4.922468] x86: Booting SMP configuration:
[    4.923038] .... node  #0, CPUs:      #1
[    4.929005] kvm-clock: cpu 1, msr 0:3ffe3041, secondary cpu clock
[    4.930330] mce: CPU supports 0 MCE banks
[    4.932662] x86: Booted up 1 node, 2 CPUs
[    4.937508] smpboot: Total of 2 processors activated (10375.96 BogoMIPS)
[    4.938627] devtmpfs: initialized
[    4.940262] evm: security.selinux
[    4.940751] evm: security.SMACK64
[    4.941263] evm: security.SMACK64EXEC
[    4.941821] evm: security.SMACK64TRANSMUTE
[    4.942376] evm: security.SMACK64MMAP
[    4.942890] evm: security.ima
[    4.943343] evm: security.capability
[    4.944050] clocksource: jiffies: mask: 0xffffffff max_cycles: 0xffffffff, max_idle_ns: 7645041785100000 ns
[    4.945315] futex hash table entries: 512 (order: 3, 32768 bytes)
[    4.946188] pinctrl core: initialized pinctrl subsystem
[    4.946943] RTC time: 10:55:32, date: 03/13/18
[    4.947681] NET: Registered protocol family 16
[    4.957600] cpuidle: using governor ladder
[    5.059532] cpuidle: using governor menu
[    5.063600] PCCT header not found.
[    5.064464] ACPI: bus type PCI registered
[    5.065310] acpiphp: ACPI Hot Plug PCI Controller Driver version: 0.5
[    5.083635] PCI: Using configuration type 1 for base access
[    5.095387] ACPI: Added _OSI(Module Device)
[    5.183296] ACPI: Added _OSI(Processor Device)
[    5.291242] ACPI: Added _OSI(3.0 _SCP Extensions)
[    5.359194] ACPI: Added _OSI(Processor Aggregator Device)
[    5.360420] ACPI: Executed 1 blocks of module-level executable AML code
[    5.362918] ACPI: Interpreter enabled
[    5.363445] ACPI: (supports S0 S5)
[    5.363963] ACPI: Using IOAPIC for interrupt routing
[    5.364715] PCI: Using host bridge windows from ACPI; if necessary, use "pci=nocrs" and report a bug
[    5.368581] ACPI: PCI Root Bridge [PCI0] (domain 0000 [bus 00-ff])
[    5.498920] acpi PNP0A03:00: _OSC: OS supports [ASPM ClockPM Segments MSI]
[    5.648726] acpi PNP0A03:00: _OSC: not requesting OS control; OS requires [ExtendedConfig ASPM ClockPM MSI]
[    5.850898] acpi PNP0A03:00: fail to add MMCONFIG information, can't access extended PCI configuration space under this bridge.
[    5.984366] PCI host bridge to bus 0000:00
[    5.986687] pci_bus 0000:00: root bus resource [io  0x0000-0x0cf7 window]
[    5.987596] pci_bus 0000:00: root bus resource [io  0x0d00-0xffff window]
[    5.988527] pci_bus 0000:00: root bus resource [mem 0x000a0000-0x000bffff window]
[    5.989737] pci_bus 0000:00: root bus resource [mem 0x40000000-0xfdffffff window]
[    5.990918] pci_bus 0000:00: root bus resource [bus 00-ff]
[    5.992708] pci 0000:00:01.1: legacy IDE quirk: reg 0x10: [io  0x01f0-0x01f7]
[    5.995206] pci 0000:00:01.1: legacy IDE quirk: reg 0x14: [io  0x03f6]
[    5.996095] pci 0000:00:01.1: legacy IDE quirk: reg 0x18: [io  0x0170-0x0177]
[    6.004270] pci 0000:00:01.1: legacy IDE quirk: reg 0x1c: [io  0x0376]
[    6.018694] pci 0000:00:07.0: quirk: [io  0x4000-0x403f] claimed by PIIX4 ACPI
[    6.025556] pci 0000:00:07.0: quirk: [io  0x4100-0x410f] claimed by PIIX4 SMB
[    6.034502] ACPI: PCI Interrupt Link [LNKA] (IRQs 5 9 10 *11)
[    6.041074] ACPI: PCI Interrupt Link [LNKB] (IRQs 5 9 *10 11)
[    6.042196] ACPI: PCI Interrupt Link [LNKC] (IRQs 5 *9 10 11)
[    6.043372] ACPI: PCI Interrupt Link [LNKD] (IRQs 5 9 10 *11)
[    6.044538] ACPI: Enabled 2 GPEs in block 00 to 07
[    6.047827] vgaarb: setting as boot device: PCI:0000:00:02.0
[    6.049789] vgaarb: device added: PCI:0000:00:02.0,decodes=io+mem,owns=io+mem,locks=none
[    6.051068] vgaarb: loaded
[    6.051573] vgaarb: bridge control possible 0000:00:02.0
[    6.052515] SCSI subsystem initialized
[    6.055543] ACPI: bus type USB registered
[    6.060637] usbcore: registered new interface driver usbfs
[    6.061485] usbcore: registered new interface driver hub
[    6.062261] usbcore: registered new device driver usb
[    6.063699] PCI: Using ACPI for IRQ routing
[    6.067257] NetLabel: Initializing
[    6.070643] NetLabel:  domain hash size = 128
[    6.071330] NetLabel:  protocols = UNLABELED CIPSOv4
[    6.072144] NetLabel:  unlabeled traffic allowed by default
[    6.073054] amd_nb: Cannot enumerate AMD northbridges
[    6.075310] clocksource: Switched to clocksource kvm-clock
[    6.081307] AppArmor: AppArmor Filesystem Enabled
[    6.087373] pnp: PnP ACPI init
[    6.091110] pnp: PnP ACPI: found 3 devices
[  6100922] clocksource: acpi_pm: mask: 0xffffff max_cycles: 0xffffff, max_idle_ns: 2085701024 ns
[    6.165122] NET: Registered protocol family 2

[    6.165914] TCP established hash table entries: 8192 (order: 4, 65536 bytes)
[    6.166885] TCP bind hash table entries: 8192 (order: 5, 131072 bytes)
[    6.167814] TCP: Hash tables configured (established 8192 bind 8192)
[    6.168723] UDP hash table entries: 512 (order: 2, 16384 bytes)
[    6.169546] UDP-Lite hash table entries: 512 (order: 2, 16384 bytes)
[    6.170439] NET: Registered protocol family 1
[    6.171107] pci 0000:00:00.0: Limiting direct PCI/PCI transfers
[    6.171983] pci 0000:00:01.0: Activating ISA DMA hang workarounds
[    6.172926] Unpacking initramfs...
[    7.559735] Freeing initrd memory: 10844K
[    7.566273] RAPL PMU detected, API unit is 2^-32 Joules, 4 fixed counters 10737418240 ms ovfl timer
[    7.569227] hw unit of domainp0or2^ Jle

[    7.810206] hw unit of domain package 2^-0 Joules
[    7.812993] hw unit of domain dram 2^-0 Joules
[    7.813581] hw unit of domain pp1-gpu 2^-0 Joules
[    7.814273] platform rtc_cmos: registered platform RTC device (no PNP device found)
[    7.815353] Scanning for low memory corruption every 60 seconds
[    7.816531] audit: initializing netlink subsys (disabled)
[    7.819680] audit: type=2000 audit(1520938534.639:1): initialized
[    7.820641] Initialise system trusted keyring
[    7.821374] HugeTLB registered 2 MB page size, pre-allocated 0 pages
[    7.823168] zbud: loaded
[    7.823871] VFS: Disk quotas dquot_6.6.0
[    7.827925] VFS: Dquot-cache hash table entries: 512 (order 0, 4096 bytes)
[    7.828918] squashfs: version 4.0 (2009/01/31) Phillip Lougher
[    7.829877] fuse init (API version 7.23)
[    7.875439] Key type big_key registered
[    7.915677] Allocating IMA MOK and blacklist keyrings.
[    7.972478] Key type asymmetric registered
[    7.976948] Asymmetric key parser 'x509' registered
[    7.977605] Block layer SCSI generic (bsg) driver version 0.4 loaded (major 249)
[    7.978644] io scheduler noop registered
[    7.979208] io scheduler deadline registered (default)
[    7.979897] io scheduler cfq registered
[    7.983917] pci_hotplug: PCI Hot Plug PCI Core version: 0.5
[    7.984613] pciehp: PCI Express Hot Plug Controller Driver version: 0.4
[    7.985487] ACPI: AC Adapter [AC] (off-line)
[    7.986103] input: Power Button as /devices/LNXSYSTM:00/LNXPWRBN:00/input/input0
[    7.987128] ACPI: Power Button [PWRF]
[    7.987717] input: Sleep Button as /devices/LNXSYSTM:00/LNXSLPBN:00/input/input1
[    7.988777] ACPI: Sleep Button [SLPF]
[    7.989454] GHES: HEST is not enabled!
[    7.989915] ACPI: Battery Slot [BAT0] (battery present)
[    7.991912] Serial: 8250/16550 driver, 32 ports, IRQ sharing enabled
ÿ[    8.078102] 00:02: ttyS0 at I/O 0x3f8 (irq = 4, base_baud = 115200) is a 16550A
[    8.170782] Linux agpgart interface v0.103
[    8.206426] loop: module loaded
[    8.232348] scsi host0: ata_piix
[    8.247904] scsi host1: ata_piix
[    8.251895] ata1: PATA max UDMA/33 cmd 0x1f0 ctl 0x3f6 bmdma 0xd000 irq 14
[    8.252700] ata2: PATA max UDMA/33 cmd 0x170 ctl 0x376 bmdma 0xd008 irq 15
[    8.253755] libphy: Fixed MDIO Bus: probed
[    8.254315] tun: Universal TUN/TAP device driver, 1.6
[    8.254954] tun: (C) 1999-2004 MaxKrnysk<mk@alomm.com>
[    8.550517] PPP generi dveversion 2.4.2
[    8.750460] ehci_hcd: USB 2.0 'Enhanced' Host Controller (EHCI) Driver
[    8.832126] tsc: Refined TSC clocksource calibration: 2594.306 MHz
[    8.964647] clocksource: tsc: mask: 0xffffffffffffffff max_cycles: 0x2565391b1c2, max_idle_ns: 440795226964 ns
[    8.964686] ehci-pci: EHCI PCI platform driver
[    8.964717] ehci-platform: EHCI generic platform driver
[    8.964726] ohci_hcd: USB 1.1 'Open' Host Controller (OHCI) Driver
[    8.964729] ohci-pci: OHCI PCI platform driver
[    8.964736] ohci-platform: OHCI generic platform driver
[    8.964743] uhci_hcd: USB Universal Host Controller Interface driver
[    8.964796] i8042: PNP: PS/2 Controller [PNP0303:PS2K,PNP0f03:PS2M] at 0x60,0x64 irq 1,12
[    9.198721] serio: i8042 KBD port at 0x60,0x64 irq 1
[    9.198725] serio: i8042 AUX port at 0x60,0x64 irq 12
[    9.198827] mousedev: PS/2 mouse device common for all mice
[    9.199078] rtc_cmos rtc_cmos: rtc core: registered rtc_cmos as rtc0
[    9.199122] rtc_cmos rtc_cmos: alarms up to one day, 114 bytes nvram
[    9.199128] i2c /dev entries driver
[    9.199176] device-mapper: uevent: version 1.0.3
[    9.199219] device-mapper: ioctl: 4.34.0-ioctl (2015-10-28) initialised: dm-devel@redhat.com
[    9.199240] ledtrig-cpu: registered to indicate activity on CPUs
[    9.199468] NET: Registered protocol family 10
[    9.199620] NET: Registered protocol family 17
[    9.199630] Key type dns_resolver registered
[    9.266975] microcode: CPU0 sig=0x306c3, pf=0x40, revision=0x0
[    9.267048] microcode: CPU1 sig=0x306c3, pf=0x40, revision=0x0
[    9.267106] microcode: Microcode Update Driver: v2.01 <tigran@aivazian.fsnet.co.uk>, Peter Oruba
[    9.267249] registered taskstats version 1
[    9.267263] Loading compiled-in X.509 certificates
[    9.267877] Loaded X.509 cert 'Build time autogenerated kernel key: aa84f01984fbd529c105810b59e379d349698248'
[    9.267902] zswap: loaded using pool lzo/zbud
[    9.269263] Key type trusted registered
[    9.271299] Key type encrypted registered
[    9.271302] AppArmor: AppArmor sha1 policy hashing enabled
[    9.271305] ima: No TPM chip found, activating TPM-bypass!
[    9.271323] evm: HMAC attrs: 0x1
[    9.271575]   Magic number: 10:906:931
[    9.271993] rtc_cmos rtc_cmos: setting system clock to 2018-03-13 10:55:36 UTC (1520938536)
[    9.272078] BIOS EDD facility v0.16 2004-Jun-25, 0 devices found
[    9.272078] EDD information not available.
[    9.290673] input: AT Translated Set 2 keyboard as /devices/platform/i8042/serio0/input/input2
[    9.312628] Freeing unused kernel memory: 1508K
[    9.313251] Write protecting the kernel read-only data: 14336k
[    9.314376] Freeing unused kernel memory: 1700K
[    9.315202] Freeing unused kernel memory: 104K
Loading, please wait...
starting version[    9.329394] random: systemd-udevd: uninitialized urandom read (16 bytes read, 2 bits of entropy available)
 229
[    9.329999] random: udevadm: uninitialized urandom read (16 bytes read, 2 bits of entropy available)
[    9.330019] random: udevadm: uninitialized urandom read (16 bytes read, 2 bits of entropy available)
[    9.335265] random: systemd-udevd: uninitialized urandom read (16 bytes read, 2 bits of entropy available)
[    9.336546] random: udevadm: uninitialized urandom read (16 bytes read, 2 bits of entropy available)
[    9.336578] random: udevadm: uninitialized urandom read (16 bytes read, 2 bits of entropy available)
[    9.336683] random: udevadm: uninitialized urandom read (16 bytes read, 2 bits of entropy available)
[    9.336723] random: udevadm: uninitialized urandom read (16 bytes read, 2 bits of entropy available)
[    9.336760] random: udevadm: uninitialized urandom read (16 bytes read, 2 bits of entropy available)
[    9.336798] random: udevadm: uninitialized urandom read (16 bytes read, 2 bits of entropy available)
[    9.367251] e1000: Intel(R) PRO/1000 Network Driver - version 7.3.21-k8-NAPI
[    9.569397] e1000: Copyright (c) 1999-2006 Intel Corporation.
[    9.710053] Fusion MPT base driver 3.04.20
[    9.819322] Copyright (c) 1999-2008 LSI Corporation
[    9.932474] Fusion MPT SPI Host driver 3.04.20
[   10.006544] AVX2 version of gcm_enc/dec engaged.
[   10.007199] AES CTR mode by8 optimization enabled
[   10.212481] input: ImExPS/2 Generic Explorer Mouse as /devices/platform/i8042/serio1/input/input4
[   10.303008] e1000 0000:00:03.0 eth0: (PCI:33MHz:32-bit) 02:b2:c2:84:5d:d0
[   10.429406] e1000 0000:00:03.0 eth0: Intel(R) PRO/1000 Network Connection
[   11.048406] e1000 0000:00:08.0 eth1: (PCI:33MHz:32-bit) 08:00:27:d5:5e:27
[   11.369664] e1000 0000:00:08.0 eth1: Intel(R) PRO/1000 Network Connection
[   11.371391] e1000 0000:00:03.0 enp0s3: renamed from eth0
[   11.380711] mptbase: ioc0: Initiating bringup
[   11.471618] e1000 0000:00:08.0 enp0s8: renamed from eth1
[   11.539273] ioc0: LSI53C1030 A0: Capabilities={Initiator}
[   12.562229] scsi host2: ioc0: LSI53C1030 A0, FwRev=00000000h, Ports=1, MaxQ=256, IRQ=20
[   12.979578] floppy0: no floppy controllers found
[   13.240420] work still pending
[   13.440444] scsi 2:0:0:0: Direct-Access     VBOX     HARDDISK         1.0  PQ: 0 ANSI: 5
[   13.510291] scsi target2:0:0: Beginning Domain Validation
[   13.512180] scsi target2:0:0: Domain Validation skipping write tests
[   13.529428] scsi target2:0:0: Ending Domain Validation
[   13.530178] scsi target2:0:0: asynchronous
[   13.531113] scsi 2:0:1:0: Direct-Access     VBOX     HARDDISK         1.0  PQ: 0 ANSI: 5
[   14.249547] scsi target2:0:1: Beginning Domain Validation
[   14.532405] scsi target2:0:1: Domain Validation skipping write tests
[   14.560140] scsi target2:0:1: Ending Domain Validation
[   14.560960] scsi target2:0:1: asynchronous
[   14.566629] sd 2:0:0:0: [sda] 20971520 512-byte logical blocks: (10.7 GB/10.0 GiB)
[   14.569299] sd 2:0:0:0: Attached scsi generic sg0 type 0
[   14.570105] sd 2:0:0:0: [sda] Write Protect is off
[   14.571035] sd 2:0:0:0: [sda] Incomplete mode parameter data
[   15.119420] sd 2:0:0:0: [sda] Assuming drive cache: write through
[   15.119736] sd 2:0:1:0: [sdb] 20480 512-byte logical blocks: (10.5 MB/10.0 MiB)
[   15.119811] sd 2:0:1:0: [sdb] Write Protect is off
[   15.119940] sd 2:0:1:0: [sdb] Incomplete mode parameter data
[   15.119941] sd 2:0:1:0: [sdb] Assuming drive cache: write through
[   15.519682] sd 2:0:1:0: Attached scsi generic sg1 type 0
[   15.550314] sd 2:0:1:0: [sdb] Attached SCSI disk
[   15.663025]  sda: sda1
[   15.680129] sd 2:0:0:0: [sda] Attached SCSI disk
Begin: Loading e[   16.982867] md: linear personality registered for level -1
ssential drivers[   17.461630] md: multipath personality registered for level -4
 ... [   17.605410] md: raid0 personality registered for level 0
[   17.740129] md: raid1 personality registered for level 1
[   17.811387] raid6: sse2x1   gen() 10912 MB/s
[   17.931395] raid6: sse2x1   xor()  8619 MB/s
[   18.051382] raid6: sse2x2   gen() 14091 MB/s
[   18.159360] raid6: sse2x2   xor()  9186 MB/s
[   18.235355] raid6: sse2x4   gen() 15883 MB/s
[   18.347378] raid6: sse2x4   xor() 11320 MB/s
[   18.467377] raid6: avx2x1   gen() 21426 MB/s
[   18.587377] raid6: avx2x2   gen() 24797 MB/s
[   18.691379] raid6: avx2x4   gen() 28420 MB/s
[   18.727723] raid6: using algorithm avx2x4 gen() 28420 MB/s
[   18.760514] raid6: using avx2x2 recovery algorithm
[   18.790051] xor: automatically using best checksumming function:
[   18.835909]    avx       : 34087.000 MB/sec
[   18.910532] async_tx: api initialized (async)
[   18.917628] md: raid6 personality registered for level 6
[   19.064473] md: raid5 personality registered for level 5
[   19.222359] md: raid4 personality registered for level 4
[   19.379981] md: raid10 personality registered for level 10
done.
Begin: Running /scripts/init-premount ... done[   19.562213] Btrfs loaded
.
Begin: Mounting root file system ... Begin: Running /scripts/local-top ... done.
Begin: Running /scripts/local-premount ... Scanning for Btrfs filesystems
done.
Warning: fsck not present, so skipping root file system
[   19.741189] EXT4-fs (sda1): mounted filesystem with ordered data mode. Opts: (null)
done.
Begin: Running /scripts/local-bottom ... done.
Begin: Running /scripts/init-bottom ... done.
[   20.581818] systemd[1]: systemd 229 running in system mode. (+PAM +AUDIT +SELINUX +IMA +APPARMOR +SMACK +SYSVINIT +UTMP +LIBCRYPTSETUP +GCRYPT +GNUTLS +ACL +XZ -LZ4 +SECCOMP +BLKID +ELFUTILS +KMOD -IDN)
[   20.868931] systemd[1]: Detected virtualization oracle.
[   20.869621] systemd[1]: Detected architecture x86-64.

Welcome to [1mUbuntu 16.04.4 LTS[0m!

[ 20901]ysmd]:Se hostname to <ubuntu>.
[   21.337674] random: nonblocking pool is initialized
[   21.454151] systemd[1]: Initializing machine ID from random generator.
[   21.455255] systemd[1]: Installed transient /etc/machine-id file.
[  22.499787] systemd[1]: Listening on LVM2 poll daemon socket.
[[0;32m  OK  [0m] Listening on LVM2 poll daemon socket.
[ 22072]ysmd1]Lieng  uev Control Socket.
[[0;32m  OK  [0m] Listening on udev Control Socket.
[   23.443759] systemd[1]: Reached target Encrypted Volumes.
[[0;32m  OK  [0m] Reached target Encrypted Volumes.
[   23.783780] systemd[1]: Listening on Device-mapper event daemon FIFOs.
[[0;32m  OK  [0m] Listening on Device-mapper event daemon FIFOs.
[   24.167759] systemd[1]: Listening on Journal Socket.
[[0;32m  OK  [0m] Listening on Journal Socket.
[   24.189473] systemd[1]: Listening on udev Kernel Socket.
[[0;32m  OK  [0m] Listening on udev Kernel Socket.
[   24.190999] systemd[1]: Reached target User and Group Name Lookups.
[[0;32m  OK  [0m] Reached target User and Group Name Lookups.
[   24.193258] systemd[1]: Created slice System Slice.
[[0;32m  OK  [0m] Created slice System Slice.
[   24.207519] systemd[1]: Starting Nameserver information manager...
         Starting Nameserver information manager...
[   24.403770] systemd[1]: Starting Remount Root and Kernel File Systems...
         Starting Remount[   24.568619] EXT4-fs (sda1): re-mounted. Opts: (null)
 Root and Kernel File Systems...
[   25.051770] systemd[1]: Starting Set console keymap...
         Starting Set console keymap...
[   25.197074] systemd[1]: Starting Create list of required static device nodes for the current kernel...
         Starting Create list of required st... nodes for the current kernel...
[   25.226152] systemd[1]: Starting Load Kernel Modules...
         Starting Load Kernel Modules...
[   25.249789] systemd[1]: Mounting Huge Pages File System...
         Mounting Huge Pages File System...
[   25.427804] systemd[1]: Listening on Journal Audit Socket.
[   25.655881] Loading iSCSI transport class v2.0-870.
[[0;32m  OK  [0m] Listening on Journal Audit Socket.
[   25.940104] systemd[1]: Created slice system-serial\x2dgetty.slice.
[[0;32m  OK  [0m] Created slice system-serial\x2dgetty.slice.
[   26.262946] systemd[1]: Listening on Syslog Socket.
[   26.292539] iscsi: registered transport (tcp)
[[0;32m  OK  [0m] Listening on Syslog Socket.
[   26.293819] systemd[1]: Started Forward Password Requests to Wall Directory Watch.
[[0;32m  OK  [0m] Started Forward Password Requests to Wall Directory Watch.
[   26.298950] systemd[1]: Listening on /dev/initctl Compatibility Named Pipe.
[[0;32m  OK  [0m] Listening on /dev/initctl Compatibility Named Pipe.
[   26.307287] systemd[1]: Listening on Journal Socket (/dev/log).
[[0;32m  OK  [0m] Listening on Journal Socket (/dev/log).
[   26.319552] systemd[1]: Starting Journal Service...
         Starting Journal Service...
[   26.563700] systemd[1]: Reached target Swap.
[[0;32m  OK  [0m] Reached target Swap.
[   26.787628] systemd[1]: Mounting POSIX Message Queue File System...
[   27.059517] iscsi: registered transport (iser)
         Mounting POSIX Message Queue File System...
[   27.197392] systemd[1]: Set up automount Arbitrary Executable File Formats File System Automount Point.
[[0;32m  OK  [0m] Set up automount Arbitrary Executab...ats File System Automount Point.
[   27.241495] systemd[1]: Created slice User and Session Slice.
[[0;32m  OK  [0m] Created slice User and Session Slice.
[   27.247799] systemd[1]: Reached target Slices.
[[0;32m  OK  [0m] Reached target Slices.
[   27.283676] systemd[1]: Started Trigger resolvconf update for networkd DNS.
[[0;32m  OK  [0m] Started Trigger resolvconf update for networkd DNS.
[   27.325128] systemd[1]: Listening on LVM2 metat dmosoet.
[[0;32m  OK  [0m] Listening on LVM2 metadata daemon socket.
[   27.547696] systemd[1]: Starting Monitoring of LVM2 mirrors, snapshots etc. using dmeventd or progress polling...
         Starting Monitoring of LVM2 mirrors... dmeventd or progress polling...
[   27.859550] systemd[1]: Mounting Debug File System...
         Mounting Debug File System...
[   28.015842] systemd[1]: Starting Uncomplicated firewall...
         Starting Uncomplicated firewall...
[   28.305377] sstd[]: Mounted Debug File System.

[[0;32m  OK  [0m] Mounted Debug File System.
[ 28449463] systemd[1]: Mounted POSIX Message Queue File System.
[[0;32m  OK  [0m] Mounted POSIX Message Queue File System.
[   28.590380] systemd[1]: Mounted Huge Pages File System.
[[0;32m  OK  [0m] Mounted Huge Pages File System.
[   28.611114] systemd[1]: Started Journal Service.
[[0;32m  OK  [0m] Started Journal Service.
[[0;32m  OK  [0m] Started Remount Root and Kernel File Systems.
[[0;32m  OK  [0m] Started Set console keymap.
[[0;32m  OK  [0m] Started Create list of required sta...ce nodes for the current kernel.
[[0;32m  OK  [0m] Started Load Kernel Modules.
[[0;32m  OK  [0m] Started Uncomplicated firewall.
[[0;32m  OK  [0m] Started Nameserver information manager.
[[0;32m  OK  [0m] Started LVM2 metadata daemon.
         Mounting FUSE Control File System...
         Starting Apply Kernel Variables...
         Starting Create Static Device Nodes in /dev...
         Starting Initial cloud-init job (pre-networking)...
         Starting Load/Save Random Seed...
         Starting udev Coldplug all Devices...
         Starting Flush Journal to Persistent Storage...
[[0;32m  OK  [0m] Mounted FUSE Control File System.
[[0;32m  OK  [0m] Started Apply Kernel Variables.
[[0;32m  OK  [0m] Started Load/Save Random Seed.
[[0;32m  OK  [0m] Started udev Coldplug all Devices.
[[0;32m  OK  [0m] Started Flush Journal to Persistent Storage.
[[0;32m  OK  [0m] Started Create Static Device Nodes in /dev.
[[0;32m  OK  [0m] Started Monitoring of LVM2 mirrors,...ng dmeventd or progress polling.
         Starting udev Kernel Device Manager...
[[0;32m  OK  [0m] Started udev Kernel Device Manager.
[[0;32m  OK  [0m] Started Dispatch Password Requests to Console Directory Watch.
[[0;32m  OK  [0m] Reached target Local File Systems (Pre).
[[0;32m  OK  [0m] Reached target Local File Systems.
         Starting Create Volatile Files and Directories...
         Starting Tell Plymouth To Write Out Runtime Data...
         Starting LSB: AppArmor initialization...
         Starting Commit a transient machine-id on disk...
         Starting Set console font and keymap...
[[0;32m  OK  [0m] Found device /dev/ttyS0.
[[0;32m  OK  [0m] Started Create Volatile Files and Directories.
         Starting Update UTMP about System Boot/Shutdown...
[[0;32m  OK  [0m] Reached target System Time Synchronized.
[[0;32m  OK  [0m] Started Tell Plymouth To Write Out Runtime Data.
[[0;32m  OK  [0m] Started Commit a transient machine-id on disk.
[[0;32m  OK  [0m] Started Update UTMP about System Boot/Shutdown.
[[0;32m  OK  [0m] Listening on Load/Save RF Kill Switch Status /dev/rfkill Watch.
[[0;32m  OK  [0m] Started LSB: AppArmor initialization.
[[0;32m  OK  [0m] Started Set console font and keymap.
[[0;32m  OK  [0m] Created slice system-getty.slice.
[   29.681093] cloud-init[438]: Cloud-init v. 17.2 running 'init-local' at Tue, 13 Mar 2018 10:56:02 +0000. Up 29.21 seconds.
[[0;32m  OK  [0m] Started Initial cloud-init job (pre-networking).
[[0;32m  OK  [0m] Reached target Network (Pre).
         Starting Raise network interfaces...
[[0;32m  OK  [0m] Started Raise network interfaces.
         Starting Initial cloud-init job (metadata service crawler)...
[[0;32m  OK  [0m] Reached target Network.
[   32.300394] cloud-init[953]: Cloud-init v. 17.2 running 'init' at Tue, 13 Mar 2018 10:56:03 +0000. Up 30.48 seconds.
[[0;32m  OK  [0m] Started Initial cloud-init job (metadata service crawler).
[   32.439756] cloud-init[953]: ci-info: ++++++++++++++++++++++++++++++++++++++Net device info++++++++++++++++++++++++++++++++++++++
[   32.609147] [cloud-init[0;32m  OK  [0m[953]: ] ci-info: +--------+-------+----------------------------+---------------+-------+-------------------+Reached target System Initialization.

[[0;32m  OK  [0m] Started Daily apt download activities.
[   32.610767] cloud-init[953]: ci-info: | Device |   Up  |          Address           |      Mask     | Scope |     Hw-Address    |
[   32.910658]          cloud-initStarting LXD - unix socket.[953]: 
ci-info: +--------+-------+----------------------------+---------------+-------+-------------------+
[   33.053130] [cloud-init[0;32m  OK  [0m[953]: ] ci-info: | enp0s3 |  True |         10.0.2.15          | 255.255.255.0 |   .   | 02:b2:c2:84:5d:d0 |Started Daily apt upgrade and clean activities.

[[0;32m  OK  [0m] Started Daily Cleanup of Temporary Directories.
[   33.054818] cloud-init[953]: ci-info: | enp0s3 |  True | fe80::b2:c2ff:fe84:5dd0/64 |       .       |  link | 02:b2:c2:84:5d:d0 |
[   33.270631] [cloud-init[0;32m  OK  [0m[953]: ] ci-info: | enp0s8 | False |             .              |       .       |   .   | 08:00:27:d5:5e:27 |Started Timer to automatically refresh installed snaps.

[[0;32m  OK  [0m] Reached target Timers.
[[0;32m  OK  [0m] Listening on ACPID Listen Socket.
[[0;32m  OK  [0m] Listening on D-Bus System Message Bus Socket.
         Starting Socket activation for snappy daemon.
[[0;32m  OK  [0m] Listening on UUID daemon activation socket.
[   33.271105] cloud-init[953]: ci-info: |   lo   |  True |         127.0.0.1          |   255.0.0.0   |   .   |         .         |
[   33.344711] [cloud-init[0;32m  OK  [0m[953]: ] ci-info: |   lo   |  True |          ::1/128           |       .       |  host |         .         |Started ACPI Events Check.

[[0;32m  OK  [0m] Reached target Paths.
[[0;32m  OK  [0m] Reached target Cloud-config availability.
[   33.345624] cloud-init[953]: ci-info: +--------+-------+----------------------------+---------------+-------+-------------------+
[   33.589775] [[0;32m  OK  [0m] Reached target Network is Online.
cloud-init[953]: ci-info: +++++++++++++++++++++++++++Route IPv4 info++++++++++++++++++++++++++++
[   33.594264] cloud-init[953]: ci-info: +-------+-------------+----------+---------------+-----------+-------+
[   33.597282] cloud-init[953]: ci-info: | Route | Destination | Gateway  |    Genmask    | Interface | Flags |
[   33.599460] cloud-init[953]: ci-info: +-------+-------------+----------+---------------+-----------+-------+
[   33.612789]          Starting iSCSI initiator daemon (iscsid)...
[[0;32m  OK  [0m] Listening on LXD - unix socket.
[[0;32m  OK  [0m] Listening on Socket activation for snappy daemon.
cloud-init[953]: ci-info: |   0   |   0.0.0.0   | 10.0.2.2 |    0.0.0.0    |   enp0s3  |   UG  |
[   33.615168] [[0;32m  OK  [0m] Reached target Sockets.
[[0;32m  OK  [0m] Reached target Basic System.
cloud-init[953]: ci-info: |   1   |   10.0.2.0  | 0.0.0.0  | 255.255.255.0 |   enp0s3  |   U   |         Starting System Logging Service...

[   33.617568]          cloud-initStarting Login Service...[953]: 
ci-info: +-------+-------------+----------+---------------+-----------+-------+
[   33.621003] cloud-init[953]: Generating public/private rsa key pair.
[   33.624201] [[0;32m  OK  [0m] Started FUSE filesystem for LXC.
cloud-init[953]: Your identification has been saved in /etc/ssh/ssh_host_rsa_key.
[   33.626074] cloud-init[953]: Your public key has been saved in /etc/ssh/ssh_host_rsa_key.pub.
[   33.629619] cloud-init[953]: The key fingerprint is:
[   33.677142]          cloud-initStarting Pollinate tooseed the pseudo random number generator...[953]: 
SHA256:kLJhrfhS35WD9/YHjKXFlKWUSULHV5VohJbuZnly4pM root@ubuntu-xenial
         Starting /etc/rc.local Compatibility...
[   33.819983] cloud-init[953]: The key's randomart image is:
[   33.898571]          cloud-initStarting LSB: MD monitoring daemon...[953]: 
+---[RSA 2048]----+
[   33.940466] cloud-init[953]: |           .*+==B|
[   33.972442]          cloud-initStarting Snappy daemon...[953]: 
|     . .   + **o.|
[   34.044650] [cloud-init[0;32m  OK  [0m[953]: ] |    + +   o .o.. |Started Regular background program processing daemon.

[   34.045841] cloud-init[953]: |   o = . . o  +  |
[   34.113784] cloud-init[953]: |  . +   S * .*   |
[   34.116602] cloud-init[953]: |   o . . o Xooo  |
[   34.120410] cloud-init[953]: |  . . . . + O  . |
[   34.124139] cloud-init[953]: |   .       E .  .|
[   34.126970] cloud-init[953]: |            . .. |
[   34.130303] cloud-init[953]: +----[SHA256]-----+
[[0;32m  OK  [0m] Started ACPI event daemon.
[[0;32m  OK  [0m] Started D-Bus System Message Bus.
[   34.136032] cloud-init[953]: Generating public/private dsa key pair.
[   34.141087] cloud-init[953]: Your identification has been saved in /etc/ssh/ssh_host_dsa_key.
[   34.142168] cloud-init[953]: Your public key has been saved in /etc/ssh/ssh_host_dsa_key.pub.
[   34.143314] cloud-init[953]: The key fingerprint is:
[   34.144030] cloud-init[953]: SHA256:lMlMnSL9W70g9qAip4CkEIdbJdrNHNU2A5REiuop+6E root@ubuntu-xenial
[   34.146245] cloud-init[953]: The key's randomart image is:
[   34.147040] cloud-init[953]: +---[DSA 1024]----+
[   34.147762] cloud-init[953]: | ...o=*=.. .     |
[   34.148486] cloud-init[953]: |ooo* oo+Boo      |
[   34.150487] cloud-init[953]: |.=o =  o*=   .   |
[   34.152538] cloud-init[953]: |oo     .  = o .  |
[   34.156478] cloud-init[953]: |=.      So * . . |
[   34.158272] cloud-init[953]: |+ o . o . . . .  |
[   34.160288] cloud-init[953]: |.o.. + .         |
[   34.162317] cloud-init[953]: |.o ..            |
[   34.164138] cloud-init[953]: |E..              |
[   34.165004] cloud-init[953]: +----[SHA256]-----+
[   34.165907] cloud-init[953]: Generating public/private ecdsa key pair.
[   34.167031] cloud-init[953]: Your identification has been saved in /etc/ssh/ssh_host_ecdsa_key.
[   34.169482] cloud-init[953]: Your public key has been saved in /etc/ssh/ssh_host_ecdsa_key.pub.
[   34.170856] cloud-init[953]: The key fingerprint is:
[   34.171809] cloud-init[953]: SHA256:hE0sbBY0CUN8eS23ZWRWDUCeOXL3A3JVqzuUopDIY/s root@ubuntu-xenial
[   34.173259] cloud-init[953]: The key's randomart image is:
[   34.175357] cloud-init[953]: +---[ECDSA 256]---+
[   34.176319] cloud-init[953]: |   o+++=.. o*oo+o|
[   34.178341] cloud-init[953]: |    ..O=+ o+oo. o|
[   34.179250] cloud-init[953]: |     +.ooo.=*o.. |
[   34.180219] cloud-init[953]: |    . ... .ooo+. |
[   34.181091] cloud-init[953]: |     = oS  . + ..|
[   34.182007] cloud-init[953]: |    . o . . o . .|
[   34.182900] cloud-init[953]: |     .   .   o   |
[   34.183805] cloud-init[953]: |      .       .  |
[   34.185817] cloud-init[953]: |       E         |
[   34.186716] cloud-init[953]: +----[SHA256]-----+
[   34.187619] cloud-init[953]: Generating public/private ed25519 key pair.
[   34.188782] cloud-init[953]: Your identification has been saved in /etc/ssh/ssh_host_ed25519_key.
[   34.190319] cloud-init[953]: Your public key has been saved in /etc/ssh/ssh_host_ed25519_key.pub.
[   34.191728] cloud-init[953]: The key fingerprint is:
[   34.192682] cloud-init[953]: SHA256:NayRjHeYPYoF9OT++/dg8AX2qaZ4pi6xPQ91J/1pbFM root@ubuntu-xenial
[   34.194095] cloud-init[953]: The key's randomart image is:
[   34.195089] cloud-init[953]: +--[ED25519 256]--+
[   34.195986] cloud-init[953]: |     .o .        |
[   34.196923] cloud-init[953]: |       B *       |
[   34.197819] cloud-init[953]: |      . @ B   o  |
[   34.198712] cloud-init[953]: |       = * o ..o.|
[   34.228360] cloud-init[953]: |      . S  ..o +E|
[   34.264397] cloud-init[953]: |       . .. .o=.+|
[   34.280539] cloud-init[953]: |        +..  o+*.|
[   34.282929] cloud-init[953]: |       o oo+o.+..|
[   34.285283] cloud-init[953]: |        o+B+.. ..|
[   34.286501] cloud-init[953]: +----[SHA256]-----+
         Starting LSB: Record successful boot for GRUB...
[[0;32m  OK  [0m] Started Deferred execution scheduler.
         Starting Apply the settings specified in cloud-config...
[[0;32m  OK  [0m] Started Unattended Upgrades Shutdown.
         Starting Accounts Service...
         Starting LXD - container startup/shutdown...
[[0;32m  OK  [0m] Started System Logging Service.
[[0;32m  OK  [0m] Started /etc/rc.local Compatibility.
[[0;32m  OK  [0m] Started Login Service.
[[0;32m  OK  [0m] Started iSCSI initiator daemon (iscsid).
         Starting Login to default iSCSI targets...
[[0;32m  OK  [0m] Started LSB: MD monitoring daemon.
[[0;32m  OK  [0m] Started LSB: Record successful boot for GRUB.
[[0;32m  OK  [0m] Started Login to default iSCSI targets.
[[0;32m  OK  [0m] Reached target Remote File Systems (Pre).
[[0;32m  OK  [0m] Reached target Remote File Systems.
         Starting Permit User Sessions...
         Starting LSB: VirtualBox Linux Additions...
         Starting LSB: daemon to balance interrupts for SMP systems...
         Starting LSB: automatic crash report generation...
         Starting LSB: Set the CPU Frequency Scaling governor to "ondemand"...
[[0;32m  OK  [0m] Started LSB: Set the CPU Frequency Scaling governor to "ondemand".
[   36.225577] cloud-init[1120]: Generating locales (this might take a while)...
[[0;32m  OK  [0m] Started Permit User Sessions.
         Starting Hold until boot process finishes up...
         Starting Terminate Plymouth Boot Screen...
[[0;32m  OK  [0m] Started Hold until boot process finishes up.
[[0;32m  OK  [0m] Started Serial Getty on ttyS0.
[[0;32m  OK  [0m] Started Getty on tty1.
[[0;32m  OK  [0m] Reached target Login Prompts.
         Starting Set console scheme...
[[0;32m  OK  [0m] Started Terminate Plymouth Boot Screen.
[[0;32m  OK  [0m] Started LSB: automatic crash report generation.
[[0;32m  OK  [0m] Started LSB: daemon to balance interrupts for SMP systems.
         Starting Authenticate and Authorize Users to Run Privileged Tasks...
[[0;32m  OK  [0m] Started Set console scheme.
[[0;32m  OK  [0m] Started Authenticate and Authorize Users to Run Privileged Tasks.
[[0;32m  OK  [0m] Started Accounts Service.
[[0;32m  OK  [0m] Started LSB: VirtualBox Linux Additions.
[[0;32m  OK  [0m] Started Snappy daemon.
[[0;32m  OK  [0m] Started LXD - container startup/shutdown.
[   38.077251] cloud-init[1120]:   en_US.UTF-8... done
[   38.100925] cloud-init[1120]: Generation complete.
[[0;32m  OK  [0m] Started Pollinate to seed the pseudo random number generator.
         Starting OpenBSD Secure Shell server...
[[0;32m  OK  [0m] Started OpenBSD Secure Shell server.
[[0;32m  OK  [0m] Reached target Multi-User System.
[[0;32m  OK  [0m] Reached target Graphical Interface.
         Starting Update UTMP about System Runlevel Changes...
[[0;32m  OK  [0m] Started Update UTMP about System Runlevel Changes.
[[0;32m  OK  [0m] Created slice User Slice of vagrant.
         Starting User Manager for UID 1000...
[[0;32m  OK  [0m] Started Session 1 of user vagrant.
[[0;32m  OK  [0m] Started User Manager for UID 1000.
[   39.451512] cloud-init[1120]: Cloud-init v. 17.2 running 'modules:config' at Tue, 13 Mar 2018 10:56:08 +0000. Up 35.19 seconds.
[[0;32m  OK  [0m] Started Apply the settings specified in cloud-config.
         Starting Execute cloud user/final scripts...
ci-info: no authorized ssh keys fingerprints found for user ubuntu.
<14>Mar 13 10:56:13 ec2: 
<14>Mar 13 10:56:13 ec2: #############################################################
<14>Mar 13 10:56:13 ec2: -----BEGIN SSH HOST KEY FINGERPRINTS-----
<14>Mar 13 10:56:13 ec2: 1024 SHA256:lMlMnSL9W70g9qAip4CkEIdbJdrNHNU2A5REiuop+6E root@ubuntu-xenial (DSA)
<14>Mar 13 10:56:13 ec2: 256 SHA256:hE0sbBY0CUN8eS23ZWRWDUCeOXL3A3JVqzuUopDIY/s root@ubuntu-xenial (ECDSA)
<14>Mar 13 10:56:13 ec2: 256 SHA256:NayRjHeYPYoF9OT++/dg8AX2qaZ4pi6xPQ91J/1pbFM root@ubuntu-xenial (ED25519)
<14>Mar 13 10:56:13 ec2: 2048 SHA256:kLJhrfhS35WD9/YHjKXFlKWUSULHV5VohJbuZnly4pM root@ubuntu-xenial (RSA)
<14>Mar 13 10:56:13 ec2: -----END SSH HOST KEY FINGERPRINTS-----
<14>Mar 13 10:56:13 ec2: #############################################################
-----BEGIN SSH HOST KEY KEYS-----
ecdsa-sha2-nistp256 AAAAE2VjZHNhLXNoYTItbmlzdHAyNTYAAAAIbmlzdHAyNTYAAABBBIPTSH+zE55+/SLN8aFPBgs/5QyHzbJNrjTEOqbaUME12njCpYRRFGgid+DFnlvi2L6rt1H9X6+P/pfVEvdbCx4= root@ubuntu-xenial
ssh-ed25519 AAAAC3NzaC1lZDI1NTE5AAAAICBTfDhazt/WiW6cI1InuHdHYPk64JY8rbm5s2JwNl72 root@ubuntu-xenial
ssh-rsa AAAAB3NzaC1yc2EAAAADAQABAAABAQDQ0BF6KUnlYP+yAXUekexodRXzJcJI7z3i1zJGB61KJbmaJtCRsKrfy0YNmbwMClWLfCoxBqnhHRsf6B4Gj6IH8Bf1HZrNck9hAs5vuSxmiGoTH6frF+tZkVv+ILnwNmssS+uTB+2KVHqqVT5Y5IKP6vGwUazGJ3CQIUwvPYVYHAJNCJRrjvTmIQrmR7hdxmS7znkUcMhVOtkrMyZZEVLEgsFUG1rxloomJeQzL3fvNGLVimHs5DgO7yXGJCDlsuMNcniz0m8Vij2jkLPLOADk77TlFdmU9wQVYtNhmNvaYh6hiGWtQrFIMkt1lKv1qfpMH5/J0ct+vDztYMyPd2CT root@ubuntu-xenial
-----END SSH HOST KEY KEYS-----
[   40.392700] cloud-init[1314]: Cloud-init v. 17.2 running 'modules:final' at Tue, 13 Mar 2018 10:56:12 +0000. Up 39.85 seconds.
[   40.452404] cloud-init[1314]: ci-info: no authorized ssh keys fingerprints found for user ubuntu.
[   40.452561] cloud-init[1314]: Cloud-init v. 17.2 finished at Tue, 13 Mar 2018 10:56:13 +0000. Datasource DataSourceNoCloud [seed=/dev/sdb][dsmode=net].  Up 40.38 seconds
[[0;32m  OK  [0m] Started Execute cloud user/final scripts.
[[0;32m  OK  [0m] Reached target Cloud-init target.

Ubuntu 16.04.4 LTS ubuntu-xenial ttyS0

ubuntu-xenial login: [  411.878608] Out of memory: Kill process 8003 (beam.smp) score 840 or sacrifice child
[  412.199262] Killed process 8033 (sh) total-vm:4504kB, anon-rss:72kB, file-rss:492kB
[  418.062621] Out of memory: Kill process 8003 (beam.smp) score 840 or sacrifice child
[  418.219698] Killed process 8003 (beam.smp) total-vm:1746664kB, anon-rss:878208kB, file-rss:0kB
[  809.081333] Out of memory: Kill process 8040 (beam.smp) score 849 or sacrifice child
[  809.549264] Killed process 8040 (beam.smp) total-vm:1681888kB, anon-rss:887820kB, file-rss:0kB
[ 2429.679348] Out of memory: Kill process 8075 (beam.smp) score 845 or sacrifice child
[ 2430.359312] Killed process 8075 (beam.smp) total-vm:1743836kB, anon-rss:883828kB, file-rss:0kB
